2025-12-05 09:29:58.775 | DEBUG    | TelegramMessage                          | start done
2025-12-05 09:29:58.775 | INFO     | MexcPumpBot                              | 🚀 Initializing MEXC Pump Bot with BotManager...
2025-12-05 09:29:59.899 | DEBUG    | MexcPumpBot                              | Symbol BTC_USDT in black list, skipped
2025-12-05 09:29:59.899 | DEBUG    | MexcPumpBot                              | Symbol ETH_USDT in black list, skipped
2025-12-05 09:29:59.899 | DEBUG    | MexcPumpBot                              | Symbol XRP_USDT in black list, skipped
2025-12-05 09:29:59.900 | DEBUG    | MexcPumpBot                              | Symbol NEO_USDT in black list, skipped
2025-12-05 09:29:59.900 | DEBUG    | MexcPumpBot                              | Symbol QKC_USDT in black list, skipped
2025-12-05 09:29:59.900 | INFO     | MexcPumpBot                              | ✅ Loaded 729 valid USDT symbols
2025-12-05 09:29:59.901 | INFO     | MexcPumpBot                              | ✅ Loaded 729 symbols
2025-12-05 09:29:59.901 | INFO     | MexcPumpBot                              | ⚙️  Pump Detector Config (EASY MODE - Many signals):
2025-12-05 09:29:59.902 | INFO     | MexcPumpBot                              |    {
    "price_increase_1m": 0.5,
    "price_increase_5m": 1.0,
    "volume_spike_multiplier": 1.5,
    "min_volume_usdt": 100,
    "rsi_period": 14,
    "rsi_overbought": 50,
    "momentum_threshold": 1.0,
    "min_confidence": 40,
    "recent_pump_price_threshold": 10.0,
    "recent_pump_volume_threshold": 5.0
}
2025-12-05 09:29:59.902 | INFO     | StrategyManager                          | 🔧 Generating 100 strategies (50% LONG, 50% SHORT)...
2025-12-05 09:29:59.934 | INFO     | StrategyManager                          | ✅ Generated 100 strategies
2025-12-05 09:29:59.935 | INFO     | StrategyManager                          |    📈 50 LONG strategies
2025-12-05 09:29:59.935 | INFO     | StrategyManager                          |    📉 50 SHORT strategies
2025-12-05 09:29:59.935 | INFO     | StrategyManager                          |    💡 11 LONG + 11 SHORT with EASY conditions
2025-12-05 09:29:59.935 | INFO     | StrategyManager                          | 📋 Sample strategies:
2025-12-05 09:29:59.935 | INFO     | StrategyManager                          |   #1 LONG: TP=3% SL=1% Vol>=2x Conf>=40%
2025-12-05 09:29:59.935 | INFO     | StrategyManager                          |   #51 SHORT: TP=3% SL=1% Vol>=2x Conf>=40%
2025-12-05 09:29:59.939 | WARNING  | MexcPumpBot                              | ⚠️ BotManager not available (missing modules): No module named 'sqlalchemy'
2025-12-05 09:29:59.940 | WARNING  | MexcPumpBot                              |    Running in BACKTEST-ONLY mode
2025-12-05 09:29:59.941 | ERROR    | MexcPumpBot                              | ❌ Error initializing bot: 'MexcPumpBot' object has no attribute 'bot_manager'
Traceback (most recent call last):
  File "/home/toinx/WORKSPACE/GIT/My/Mexc_Bot/x1/x1/bot/mexc_pump_bot.py", line 130, in initialize
    if self.bot_manager:
AttributeError: 'MexcPumpBot' object has no attribute 'bot_manager'

2025-12-05 09:29:59.942 | ERROR    | MexcPumpBot                              | ❌ Bot crashed: 'MexcPumpBot' object has no attribute 'bot_manager'
Traceback (most recent call last):
  File "/home/toinx/WORKSPACE/GIT/My/Mexc_Bot/x1/x1/bot/mexc_pump_bot.py", line 257, in start
    await self.initialize()
  File "/home/toinx/WORKSPACE/GIT/My/Mexc_Bot/x1/x1/bot/mexc_pump_bot.py", line 130, in initialize
    if self.bot_manager:
AttributeError: 'MexcPumpBot' object has no attribute 'bot_manager'

2025-12-05 09:29:59.943 | INFO     | TelegramMessage                          | start _worker
2025-12-05 09:29:59.943 | INFO     | TelegramMessage                          | stop _worker
2025-12-05 09:29:59.943 | INFO     | TelegramMessage                          | stop _flush_messages
